<?xml version="1.0" encoding="UTF-8"?>
<!-- Generated by org.testng.reporters.JUnitReportReporter -->
<testsuite hostname="Harishs-Air.domain.name" failures="0" tests="1" name="Qedge.OrangeHRm.LoginTest" time="27.206" errors="0" timestamp="2024-06-08T15:26:38 IST" skipped="0">
  <testcase classname="Qedge.OrangeHRm.LoginTest" name="loginTest" time="27.206"/>
</testsuite> <!-- Qedge.OrangeHRm.LoginTest -->
